<?xml version="1.0" encoding="UTF-8"?>
<!-- Generated by org.testng.reporters.JUnitReportReporter -->
<testsuite hostname="DESKTOP-7A99TFS" failures="0" tests="1" name="extent.TestClass" time="8.984" errors="0" timestamp="2024-08-24T13:04:34 IST" skipped="0">
  <testcase classname="extent.TestClass" name="method1" time="8.984"/>
</testsuite> <!-- extent.TestClass -->
